<?xml version="1.0" encoding="UTF-8"?>
<!-- Generated by org.testng.reporters.JUnitReportReporter -->
<testsuite hostname="DESKTOP-5VGUJVE" failures="0" tests="1" name="day3.PathandQuerryparameter" time="12.192" errors="0" timestamp="2023-03-28T06:40:02 PDT" skipped="0">
  <testcase classname="day3.PathandQuerryparameter" name="testQueryandPathParameter" time="12.192"/>
  <system-out/>
</testsuite> <!-- day3.PathandQuerryparameter -->
