<?xml version="1.0" encoding="UTF-8"?>
<!-- Generated by org.testng.reporters.JUnitReportReporter -->
<testsuite hostname="DESKTOP-5VGUJVE" failures="0" tests="4" name="basic_script.http_requests" time="10.528" errors="0" timestamp="2023-03-28T00:17:13 PDT" skipped="0">
  <testcase classname="basic_script.http_requests" name="getusers" time="8.120"/>
  <system-out/>
  <testcase classname="basic_script.http_requests" name="createUser" time="1.216"/>
  <system-out/>
  <testcase classname="basic_script.http_requests" name="updateUser" time="0.643"/>
  <system-out/>
  <testcase classname="basic_script.http_requests" name="deleteUser" time="0.549"/>
  <system-out/>
</testsuite> <!-- basic_script.http_requests -->
