<?xml version="1.0" encoding="UTF-8"?>
<!-- Generated by org.testng.reporters.JUnitReportReporter -->
<testsuite hostname="DESKTOP-5VGUJVE" failures="0" tests="1" name="day3.cookiesdemo" time="3.458" errors="0" timestamp="2023-03-28T07:41:59 PDT" skipped="0">
  <testcase classname="day3.cookiesdemo" name="getcookiesinfo" time="3.458"/>
  <system-out/>
</testsuite> <!-- day3.cookiesdemo -->
